<html>
<head>
<title>TestNG:  Test2</title>
<link href="../testng.css" rel="stylesheet" type="text/css" />
<link href="../my-testng.css" rel="stylesheet" type="text/css" />

<style type="text/css">
.log { display: none;} 
.stack-trace { display: none;} 
</style>
<script type="text/javascript">
<!--
function flip(e) {
  current = e.style.display;
  if (current == 'block') {
    e.style.display = 'none';
    return 0;
  }
  else {
    e.style.display = 'block';
    return 1;
  }
}

function toggleBox(szDivId, elem, msg1, msg2)
{
  var res = -1;  if (document.getElementById) {
    res = flip(document.getElementById(szDivId));
  }
  else if (document.all) {
    // this is the way old msie versions work
    res = flip(document.all[szDivId]);
  }
  if(elem) {
    if(res == 0) elem.innerHTML = msg1; else elem.innerHTML = msg2;
  }

}

function toggleAllBoxes() {
  if (document.getElementsByTagName) {
    d = document.getElementsByTagName('div');
    for (i = 0; i < d.length; i++) {
      if (d[i].className == 'log') {
        flip(d[i]);
      }
    }
  }
}

// -->
</script>

</head>
<body>
<h2 align='center'>Test2</h2><table border='1' align="center">
<tr>
<td>Tests passed/Failed/Skipped:</td><td>9/1/0</td>
</tr><tr>
<td>Started on:</td><td>Thu Nov 21 22:49:59 IST 2024</td>
</tr>
<tr><td>Total time:</td><td>187 seconds (187209 ms)</td>
</tr><tr>
<td>Included groups:</td><td></td>
</tr><tr>
<td>Excluded groups:</td><td></td>
</tr>
</table><p/>
<small><i>(Hover the method name to see the test class name)</i></small><p/>
<table width='100%' border='1' class='invocation-failed'>
<tr><td colspan='4' align='center'><b>FAILED TESTS</b></td></tr>
<tr><td><b>Test method</b></td>
<td><b>Attribute(s)</b></td>
<td width="30%"><b>Exception</b></td>
<td width="10%"><b>Time (seconds)</b></td>
<td><b>Instance</b></td>
</tr>
<tr>
<td title='org.loginModule.HomePagestTestClass.VerifyUserableToaddproductToShoopingcartOnHomepage()'><b>VerifyUserableToaddproductToShoopingcartOnHomepage</b><br>Test class: org.loginModule.HomePagestTestClass</td>
<td><div><pre>org.openqa.selenium.NoSuchElementException: no such element: Unable to locate element: {&quot;method&quot;:&quot;xpath&quot;,&quot;selector&quot;:&quot;//div[@class=&quot;cart_item&quot;]&quot;}
  (Session info: chrome=131.0.6778.71)
For documentation on this error, please visit: https://www.selenium.dev/documentation/webdriver/troubleshooting/errors#no-such-element-exception
Build info: version: &apos;4.25.0&apos;, revision: &apos;8a8aea2337&apos;
System info: os.name: &apos;Windows 10&apos;, os.arch: &apos;amd64&apos;, os.version: &apos;10.0&apos;, java.version: &apos;17.0.1&apos;
Driver info: org.openqa.selenium.chrome.ChromeDriver
Command: [babb54095aecec894a66c615df8ce8dd, findElement {using=xpath, value=//div[@class=&quot;cart_item&quot;]}]
Capabilities {acceptInsecureCerts: false, browserName: chrome, browserVersion: 131.0.6778.71, chrome: {chromedriverVersion: 131.0.6778.85 (3d81e41b6f3a..., userDataDir: C:\Users\sashw\AppData\Loca...}, fedcm:accounts: true, goog:chromeOptions: {debuggerAddress: localhost:61883}, networkConnectionEnabled: false, pageLoadStrategy: normal, platformName: windows, proxy: Proxy(), se:cdp: ws://localhost:61883/devtoo..., se:cdpVersion: 131.0.6778.71, setWindowRect: true, strictFileInteractability: false, timeouts: {implicit: 0, pageLoad: 300000, script: 30000}, unhandledPromptBehavior: dismiss and notify, webauthn:extension:credBlob: true, webauthn:extension:largeBlob: true, webauthn:extension:minPinLength: true, webauthn:extension:prf: true, webauthn:virtualAuthenticators: true}
Session ID: babb54095aecec894a66c615df8ce8dd
	at org.openqa.selenium.remote.ErrorCodec.decode(ErrorCodec.java:167)
	at org.openqa.selenium.remote.codec.w3c.W3CHttpResponseCodec.decode(W3CHttpResponseCodec.java:138)
	at org.openqa.selenium.remote.codec.w3c.W3CHttpResponseCodec.decode(W3CHttpResponseCodec.java:50)
	at org.openqa.selenium.remote.HttpCommandExecutor.execute(HttpCommandExecutor.java:190)
	at org.openqa.selenium.remote.service.DriverCommandExecutor.invokeExecute(DriverCommandExecutor.java:216)
	at org.openqa.selenium.remote.service.DriverCommandExecutor.execute(DriverCommandExecutor.java:174)
	at org.openqa.selenium.remote.RemoteWebDriver.execute(RemoteWebDriver.java:545)
	at org.openqa.selenium.remote.ElementLocation$ElementFinder$2.findElement(ElementLocation.java:165)
	at org.openqa.selenium.remote.ElementLocation.findElement(ElementLocation.java:59)
	at org.openqa.selenium.remote.RemoteWebDriver.findElement(RemoteWebDriver.java:368)
	at org.openqa.selenium.remote.RemoteWebDriver.findElement(RemoteWebDriver.java:362)
	at org.openqa.selenium.support.pagefactory.DefaultElementLocator.findElement(DefaultElementLocator.java:68)
	at org.openqa.selenium.support.pagefactory.internal.LocatingElementHandler.invoke(LocatingElementHandler.java:38)
	at jdk.proxy2/jdk.proxy2.$Proxy14.isDisplayed(Unknown Source)
	at org.LoginModule.ShoppingCartPage.checktProductDisplayOnShoppingCartpage(ShoppingCartPage.java:28)
	at org.loginModule.HomePagestTestClass.VerifyUserableToaddproductToShoopingcartOnHomepage(HomePagestTestClass.java:122)
	at java.base/java.util.ArrayList.forEach(ArrayList.java:1511)
... Removed 32 stack frames</pre></div><a href='#' onClick='toggleBox("stack-trace1772319741", this, "Click to show all stack frames", "Click to hide stack frames")'>Click to show all stack frames</a>
<div class='stack-trace' id='stack-trace1772319741'><pre>org.openqa.selenium.NoSuchElementException: no such element: Unable to locate element: {&quot;method&quot;:&quot;xpath&quot;,&quot;selector&quot;:&quot;//div[@class=&quot;cart_item&quot;]&quot;}
  (Session info: chrome=131.0.6778.71)
For documentation on this error, please visit: https://www.selenium.dev/documentation/webdriver/troubleshooting/errors#no-such-element-exception
Build info: version: &apos;4.25.0&apos;, revision: &apos;8a8aea2337&apos;
System info: os.name: &apos;Windows 10&apos;, os.arch: &apos;amd64&apos;, os.version: &apos;10.0&apos;, java.version: &apos;17.0.1&apos;
Driver info: org.openqa.selenium.chrome.ChromeDriver
Command: [babb54095aecec894a66c615df8ce8dd, findElement {using=xpath, value=//div[@class=&quot;cart_item&quot;]}]
Capabilities {acceptInsecureCerts: false, browserName: chrome, browserVersion: 131.0.6778.71, chrome: {chromedriverVersion: 131.0.6778.85 (3d81e41b6f3a..., userDataDir: C:\Users\sashw\AppData\Loca...}, fedcm:accounts: true, goog:chromeOptions: {debuggerAddress: localhost:61883}, networkConnectionEnabled: false, pageLoadStrategy: normal, platformName: windows, proxy: Proxy(), se:cdp: ws://localhost:61883/devtoo..., se:cdpVersion: 131.0.6778.71, setWindowRect: true, strictFileInteractability: false, timeouts: {implicit: 0, pageLoad: 300000, script: 30000}, unhandledPromptBehavior: dismiss and notify, webauthn:extension:credBlob: true, webauthn:extension:largeBlob: true, webauthn:extension:minPinLength: true, webauthn:extension:prf: true, webauthn:virtualAuthenticators: true}
Session ID: babb54095aecec894a66c615df8ce8dd
	at java.base/jdk.internal.reflect.NativeConstructorAccessorImpl.newInstance0(Native Method)
	at java.base/jdk.internal.reflect.NativeConstructorAccessorImpl.newInstance(NativeConstructorAccessorImpl.java:77)
	at java.base/jdk.internal.reflect.DelegatingConstructorAccessorImpl.newInstance(DelegatingConstructorAccessorImpl.java:45)
	at java.base/java.lang.reflect.Constructor.newInstanceWithCaller(Constructor.java:499)
	at java.base/java.lang.reflect.Constructor.newInstance(Constructor.java:480)
	at org.openqa.selenium.remote.ErrorCodec.decode(ErrorCodec.java:167)
	at org.openqa.selenium.remote.codec.w3c.W3CHttpResponseCodec.decode(W3CHttpResponseCodec.java:138)
	at org.openqa.selenium.remote.codec.w3c.W3CHttpResponseCodec.decode(W3CHttpResponseCodec.java:50)
	at org.openqa.selenium.remote.HttpCommandExecutor.execute(HttpCommandExecutor.java:190)
	at org.openqa.selenium.remote.service.DriverCommandExecutor.invokeExecute(DriverCommandExecutor.java:216)
	at org.openqa.selenium.remote.service.DriverCommandExecutor.execute(DriverCommandExecutor.java:174)
	at org.openqa.selenium.remote.RemoteWebDriver.execute(RemoteWebDriver.java:545)
	at org.openqa.selenium.remote.ElementLocation$ElementFinder$2.findElement(ElementLocation.java:165)
	at org.openqa.selenium.remote.ElementLocation.findElement(ElementLocation.java:59)
	at org.openqa.selenium.remote.RemoteWebDriver.findElement(RemoteWebDriver.java:368)
	at org.openqa.selenium.remote.RemoteWebDriver.findElement(RemoteWebDriver.java:362)
	at org.openqa.selenium.support.pagefactory.DefaultElementLocator.findElement(DefaultElementLocator.java:68)
	at org.openqa.selenium.support.pagefactory.internal.LocatingElementHandler.invoke(LocatingElementHandler.java:38)
	at jdk.proxy2/jdk.proxy2.$Proxy14.isDisplayed(Unknown Source)
	at org.LoginModule.ShoppingCartPage.checktProductDisplayOnShoppingCartpage(ShoppingCartPage.java:28)
	at org.loginModule.HomePagestTestClass.VerifyUserableToaddproductToShoopingcartOnHomepage(HomePagestTestClass.java:122)
	at java.base/jdk.internal.reflect.NativeMethodAccessorImpl.invoke0(Native Method)
	at java.base/jdk.internal.reflect.NativeMethodAccessorImpl.invoke(NativeMethodAccessorImpl.java:77)
	at java.base/jdk.internal.reflect.DelegatingMethodAccessorImpl.invoke(DelegatingMethodAccessorImpl.java:43)
	at java.base/java.lang.reflect.Method.invoke(Method.java:568)
	at org.testng.internal.invokers.MethodInvocationHelper.invokeMethod(MethodInvocationHelper.java:141)
	at org.testng.internal.invokers.TestInvoker.invokeMethod(TestInvoker.java:686)
	at org.testng.internal.invokers.TestInvoker.invokeTestMethod(TestInvoker.java:230)
	at org.testng.internal.invokers.MethodRunner.runInSequence(MethodRunner.java:63)
	at org.testng.internal.invokers.TestInvoker$MethodInvocationAgent.invoke(TestInvoker.java:992)
	at org.testng.internal.invokers.TestInvoker.invokeTestMethods(TestInvoker.java:203)
	at org.testng.internal.invokers.TestMethodWorker.invokeTestMethods(TestMethodWorker.java:154)
	at org.testng.internal.invokers.TestMethodWorker.run(TestMethodWorker.java:134)
	at java.base/java.util.ArrayList.forEach(ArrayList.java:1511)
	at org.testng.TestRunner.privateRun(TestRunner.java:739)
	at org.testng.TestRunner.run(TestRunner.java:614)
	at org.testng.SuiteRunner.runTest(SuiteRunner.java:421)
	at org.testng.SuiteRunner.runSequentially(SuiteRunner.java:413)
	at org.testng.SuiteRunner.privateRun(SuiteRunner.java:373)
	at org.testng.SuiteRunner.run(SuiteRunner.java:312)
	at org.testng.SuiteRunnerWorker.runSuite(SuiteRunnerWorker.java:52)
	at org.testng.SuiteRunnerWorker.run(SuiteRunnerWorker.java:95)
	at org.testng.TestNG.runSuitesSequentially(TestNG.java:1274)
	at org.testng.TestNG.runSuitesLocally(TestNG.java:1208)
	at org.testng.TestNG.runSuites(TestNG.java:1112)
	at org.testng.TestNG.run(TestNG.java:1079)
	at org.testng.remote.AbstractRemoteTestNG.run(AbstractRemoteTestNG.java:115)
	at org.testng.remote.RemoteTestNG.initAndRun(RemoteTestNG.java:293)
	at org.testng.remote.RemoteTestNG.main(RemoteTestNG.java:91)
</pre></div></td>
<td>22</td>
<td>org.loginModule.HomePagestTestClass@1040be71</td></tr>
</table><p>
<table width='100%' border='1' class='invocation-passed'>
<tr><td colspan='4' align='center'><b>PASSED TESTS</b></td></tr>
<tr><td><b>Test method</b></td>
<td><b>Attribute(s)</b></td>
<td width="30%"><b>Exception</b></td>
<td width="10%"><b>Time (seconds)</b></td>
<td><b>Instance</b></td>
</tr>
<tr>
<td title='org.loginModule.HomePagestTestClass.verifyShopingCarticonDisplayedOnHomePage()'><b>verifyShopingCarticonDisplayedOnHomePage</b><br>Test class: org.loginModule.HomePagestTestClass<br/>
<a href="#Output-1775305712" onClick='toggleBox("Output-1775305712", this, "Show output", "Hide output");'>Show output</a>

<a href="#Output-1775305712" onClick="toggleAllBoxes();">Show all outputs</a>
<div class='log' id="Output-1775305712">
Shopping cart icon present on homePage<br/>
</div>
</td>
<td></td>
<td>2</td>
<td>org.loginModule.HomePagestTestClass@1040be71</td></tr>
<tr>
<td title='org.loginModule.HomePagestTestClass.verifyOpenMenuGetallFilterOption()'><b>verifyOpenMenuGetallFilterOption</b><br>Test class: org.loginModule.HomePagestTestClass<br/>
<a href="#Output-387146640" onClick='toggleBox("Output-387146640", this, "Show output", "Hide output");'>Show output</a>

<a href="#Output-387146640" onClick="toggleAllBoxes();">Show all outputs</a>
<div class='log' id="Output-387146640">
Display all filterOption successfully<br/>
</div>
</td>
<td></td>
<td>1</td>
<td>org.loginModule.HomePagestTestClass@1040be71</td></tr>
<tr>
<td title='org.loginModule.HomePagestTestClass.verifyHomePageLogo()'><b>verifyHomePageLogo</b><br>Test class: org.loginModule.HomePagestTestClass<br/>
<a href="#Output-1826091905" onClick='toggleBox("Output-1826091905", this, "Show output", "Hide output");'>Show output</a>

<a href="#Output-1826091905" onClick="toggleAllBoxes();">Show all outputs</a>
<div class='log' id="Output-1826091905">
HomePage logo is present<br/>
</div>
</td>
<td></td>
<td>1</td>
<td>org.loginModule.HomePagestTestClass@1040be71</td></tr>
<tr>
<td title='org.loginModule.HomePagestTestClass.VerifyAfterClickingImgUserRdirectToProductDetailPage()'><b>VerifyAfterClickingImgUserRdirectToProductDetailPage</b><br>Test class: org.loginModule.HomePagestTestClass<br/>
<a href="#Output-1413473944" onClick='toggleBox("Output-1413473944", this, "Show output", "Hide output");'>Show output</a>

<a href="#Output-1413473944" onClick="toggleAllBoxes();">Show all outputs</a>
<div class='log' id="Output-1413473944">
User successfully redirects to the Product Detail page<br/>
</div>
</td>
<td></td>
<td>0</td>
<td>org.loginModule.HomePagestTestClass@1040be71</td></tr>
<tr>
<td title='org.loginModule.HomePagestTestClass.verifyBagroundColorForAddToCardBtn()'><b>verifyBagroundColorForAddToCardBtn</b><br>Test class: org.loginModule.HomePagestTestClass<br/>
<a href="#Output-1947725647" onClick='toggleBox("Output-1947725647", this, "Show output", "Hide output");'>Show output</a>

<a href="#Output-1947725647" onClick="toggleAllBoxes();">Show all outputs</a>
<div class='log' id="Output-1947725647">
AddToCartButton Baground color  match the expected value <br/>
</div>
</td>
<td></td>
<td>1</td>
<td>org.loginModule.HomePagestTestClass@1040be71</td></tr>
<tr>
<td title='org.loginModule.HomePagestTestClass.verifyAllImagesDisplayedonHomepage()'><b>verifyAllImagesDisplayedonHomepage</b><br>Test class: org.loginModule.HomePagestTestClass<br/>
<a href="#Output-1267168782" onClick='toggleBox("Output-1267168782", this, "Show output", "Hide output");'>Show output</a>

<a href="#Output-1267168782" onClick="toggleAllBoxes();">Show all outputs</a>
<div class='log' id="Output-1267168782">
Image src attribute is  not empty for an image element!<br/>
Images are  displayed <br/>
Image count match the expected value in Homepahe<br/>
Image src attribute is  not empty for an image element!<br/>
Images are  displayed <br/>
Image count match the expected value in Homepahe<br/>
Image src attribute is  not empty for an image element!<br/>
Images are  displayed <br/>
Image count match the expected value in Homepahe<br/>
Image src attribute is  not empty for an image element!<br/>
Images are  displayed <br/>
Image count match the expected value in Homepahe<br/>
Image src attribute is  not empty for an image element!<br/>
Images are  displayed <br/>
Image count match the expected value in Homepahe<br/>
Image src attribute is  not empty for an image element!<br/>
Images are  displayed <br/>
Image count match the expected value in Homepahe<br/>
Image src attribute is  not empty for an image element!<br/>
Images are  displayed <br/>
Image count match the expected value in Homepahe<br/>
</div>
</td>
<td></td>
<td>36</td>
<td>org.loginModule.HomePagestTestClass@1040be71</td></tr>
<tr>
<td title='org.loginModule.HomePagestTestClass.verifyAfterClickingShopCartIconUserRedirectToYourCartPage()'><b>verifyAfterClickingShopCartIconUserRedirectToYourCartPage</b><br>Test class: org.loginModule.HomePagestTestClass<br/>
<a href="#Output-1170735890" onClick='toggleBox("Output-1170735890", this, "Show output", "Hide output");'>Show output</a>

<a href="#Output-1170735890" onClick="toggleAllBoxes();">Show all outputs</a>
<div class='log' id="Output-1170735890">
User successfully redirects to the ShoppingCartPage<br/>
</div>
</td>
<td></td>
<td>4</td>
<td>org.loginModule.HomePagestTestClass@1040be71</td></tr>
<tr>
<td title='org.loginModule.HomePagestTestClass.verifyBrokenImagesLink()'><b>verifyBrokenImagesLink</b><br>Test class: org.loginModule.HomePagestTestClass</td>
<td></td>
<td>21</td>
<td>org.loginModule.HomePagestTestClass@1040be71</td></tr>
<tr>
<td title='org.loginModule.HomePagestTestClass.VerifyAddtocardbtnTextAndBoarderColor()'><b>VerifyAddtocardbtnTextAndBoarderColor</b><br>Test class: org.loginModule.HomePagestTestClass<br/>
<a href="#Output-150385835" onClick='toggleBox("Output-150385835", this, "Show output", "Hide output");'>Show output</a>

<a href="#Output-150385835" onClick="toggleAllBoxes();">Show all outputs</a>
<div class='log' id="Output-150385835">
 AddToCartButton text color  match the expected value<br/>
</div>
</td>
<td></td>
<td>1</td>
<td>org.loginModule.HomePagestTestClass@1040be71</td></tr>
</table><p>
</body>
</html>