<?xml version="1.0" encoding="UTF-8"?>
<!-- Generated by org.testng.reporters.JUnitReportReporter -->
<testsuite hostname="DESKTOP-S2085P6" failures="0" tests="10" name="org.loginModule.HomePagestTestClass" time="187.015" errors="1" timestamp="2024-11-21T22:56:35 IST" skipped="0">
  <testcase classname="org.loginModule.HomePagestTestClass" name="verifyAllImagesDisplayedonHomepage" time="48.595">
    <system-out>
      <![CDATA[Image src attribute is  not empty for an image element!
Images are  displayed 
Image count match the expected value in Homepahe
Image src attribute is  not empty for an image element!
Images are  displayed 
Image count match the expected value in Homepahe
Image src attribute is  not empty for an image element!
Images are  displayed 
Image count match the expected value in Homepahe
Image src attribute is  not empty for an image element!
Images are  displayed 
Image count match the expected value in Homepahe
Image src attribute is  not empty for an image element!
Images are  displayed 
Image count match the expected value in Homepahe
Image src attribute is  not empty for an image element!
Images are  displayed 
Image count match the expected value in Homepahe
Image src attribute is  not empty for an image element!
Images are  displayed 
Image count match the expected value in Homepahe]]>
    </system-out>
  </testcase> <!-- verifyAllImagesDisplayedonHomepage -->
  <testcase classname="org.loginModule.HomePagestTestClass" name="VerifyAfterClickingImgUserRdirectToProductDetailPage" time="12.474">
    <system-out>
      <![CDATA[User successfully redirects to the Product Detail page]]>
    </system-out>
  </testcase> <!-- VerifyAfterClickingImgUserRdirectToProductDetailPage -->
  <testcase classname="org.loginModule.HomePagestTestClass" name="verifyAfterClickingShopCartIconUserRedirectToYourCartPage" time="12.780">
    <system-out>
      <![CDATA[User successfully redirects to the ShoppingCartPage]]>
    </system-out>
  </testcase> <!-- verifyAfterClickingShopCartIconUserRedirectToYourCartPage -->
  <testcase classname="org.loginModule.HomePagestTestClass" name="verifyShopingCarticonDisplayedOnHomePage" time="14.771">
    <system-out>
      <![CDATA[Shopping cart icon present on homePage]]>
    </system-out>
  </testcase> <!-- verifyShopingCarticonDisplayedOnHomePage -->
  <testcase classname="org.loginModule.HomePagestTestClass" name="VerifyUserableToaddproductToShoopingcartOnHomepage" time="31.726">
    <error message="no such element: Unable to locate element: {&quot;method&quot;:&quot;xpath&quot;,&quot;selector&quot;:&quot;//div[@class=&quot;cart_item&quot;]&quot;}
  (Session info: chrome=131.0.6778.71)
For documentation on this error, please visit: https://www.selenium.dev/documentation/webdriver/troubleshooting/errors#no-such-element-exception
Build info: version: &#039;4.25.0&#039;, revision: &#039;8a8aea2337&#039;
System info: os.name: &#039;Windows 10&#039;, os.arch: &#039;amd64&#039;, os.version: &#039;10.0&#039;, java.version: &#039;17.0.1&#039;
Driver info: org.openqa.selenium.chrome.ChromeDriver
Command: [babb54095aecec894a66c615df8ce8dd, findElement {using=xpath, value=//div[@class=&quot;cart_item&quot;]}]
Capabilities {acceptInsecureCerts: false, browserName: chrome, browserVersion: 131.0.6778.71, chrome: {chromedriverVersion: 131.0.6778.85 (3d81e41b6f3a..., userDataDir: C:\Users\sashw\AppData\Loca...}, fedcm:accounts: true, goog:chromeOptions: {debuggerAddress: localhost:61883}, networkConnectionEnabled: false, pageLoadStrategy: normal, platformName: windows, proxy: Proxy(), se:cdp: ws://localhost:61883/devtoo..., se:cdpVersion: 131.0.6778.71, setWindowRect: true, strictFileInteractability: false, timeouts: {implicit: 0, pageLoad: 300000, script: 30000}, unhandledPromptBehavior: dismiss and notify, webauthn:extension:credBlob: true, webauthn:extension:largeBlob: true, webauthn:extension:minPinLength: true, webauthn:extension:prf: true, webauthn:virtualAuthenticators: true}
Session ID: babb54095aecec894a66c615df8ce8dd" type="org.openqa.selenium.NoSuchElementException">
      <![CDATA[org.openqa.selenium.NoSuchElementException: no such element: Unable to locate element: {"method":"xpath","selector":"//div[@class="cart_item"]"}
  (Session info: chrome=131.0.6778.71)
For documentation on this error, please visit: https://www.selenium.dev/documentation/webdriver/troubleshooting/errors#no-such-element-exception
Build info: version: '4.25.0', revision: '8a8aea2337'
System info: os.name: 'Windows 10', os.arch: 'amd64', os.version: '10.0', java.version: '17.0.1'
Driver info: org.openqa.selenium.chrome.ChromeDriver
Command: [babb54095aecec894a66c615df8ce8dd, findElement {using=xpath, value=//div[@class="cart_item"]}]
Capabilities {acceptInsecureCerts: false, browserName: chrome, browserVersion: 131.0.6778.71, chrome: {chromedriverVersion: 131.0.6778.85 (3d81e41b6f3a..., userDataDir: C:\Users\sashw\AppData\Loca...}, fedcm:accounts: true, goog:chromeOptions: {debuggerAddress: localhost:61883}, networkConnectionEnabled: false, pageLoadStrategy: normal, platformName: windows, proxy: Proxy(), se:cdp: ws://localhost:61883/devtoo..., se:cdpVersion: 131.0.6778.71, setWindowRect: true, strictFileInteractability: false, timeouts: {implicit: 0, pageLoad: 300000, script: 30000}, unhandledPromptBehavior: dismiss and notify, webauthn:extension:credBlob: true, webauthn:extension:largeBlob: true, webauthn:extension:minPinLength: true, webauthn:extension:prf: true, webauthn:virtualAuthenticators: true}
Session ID: babb54095aecec894a66c615df8ce8dd
at java.base/jdk.internal.reflect.NativeConstructorAccessorImpl.newInstance0(Native Method)
at java.base/jdk.internal.reflect.NativeConstructorAccessorImpl.newInstance(NativeConstructorAccessorImpl.java:77)
at java.base/jdk.internal.reflect.DelegatingConstructorAccessorImpl.newInstance(DelegatingConstructorAccessorImpl.java:45)
at java.base/java.lang.reflect.Constructor.newInstanceWithCaller(Constructor.java:499)
at java.base/java.lang.reflect.Constructor.newInstance(Constructor.java:480)
at org.openqa.selenium.remote.ErrorCodec.decode(ErrorCodec.java:167)
at org.openqa.selenium.remote.codec.w3c.W3CHttpResponseCodec.decode(W3CHttpResponseCodec.java:138)
at org.openqa.selenium.remote.codec.w3c.W3CHttpResponseCodec.decode(W3CHttpResponseCodec.java:50)
at org.openqa.selenium.remote.HttpCommandExecutor.execute(HttpCommandExecutor.java:190)
at org.openqa.selenium.remote.service.DriverCommandExecutor.invokeExecute(DriverCommandExecutor.java:216)
at org.openqa.selenium.remote.service.DriverCommandExecutor.execute(DriverCommandExecutor.java:174)
at org.openqa.selenium.remote.RemoteWebDriver.execute(RemoteWebDriver.java:545)
at org.openqa.selenium.remote.ElementLocation$ElementFinder$2.findElement(ElementLocation.java:165)
at org.openqa.selenium.remote.ElementLocation.findElement(ElementLocation.java:59)
at org.openqa.selenium.remote.RemoteWebDriver.findElement(RemoteWebDriver.java:368)
at org.openqa.selenium.remote.RemoteWebDriver.findElement(RemoteWebDriver.java:362)
at org.openqa.selenium.support.pagefactory.DefaultElementLocator.findElement(DefaultElementLocator.java:68)
at org.openqa.selenium.support.pagefactory.internal.LocatingElementHandler.invoke(LocatingElementHandler.java:38)
at jdk.proxy2/jdk.proxy2.$Proxy14.isDisplayed(Unknown Source)
at org.LoginModule.ShoppingCartPage.checktProductDisplayOnShoppingCartpage(ShoppingCartPage.java:28)
at org.loginModule.HomePagestTestClass.VerifyUserableToaddproductToShoopingcartOnHomepage(HomePagestTestClass.java:122)
at java.base/jdk.internal.reflect.NativeMethodAccessorImpl.invoke0(Native Method)
at java.base/jdk.internal.reflect.NativeMethodAccessorImpl.invoke(NativeMethodAccessorImpl.java:77)
at java.base/jdk.internal.reflect.DelegatingMethodAccessorImpl.invoke(DelegatingMethodAccessorImpl.java:43)
at java.base/java.lang.reflect.Method.invoke(Method.java:568)
at org.testng.internal.invokers.MethodInvocationHelper.invokeMethod(MethodInvocationHelper.java:141)
at org.testng.internal.invokers.TestInvoker.invokeMethod(TestInvoker.java:686)
at org.testng.internal.invokers.TestInvoker.invokeTestMethod(TestInvoker.java:230)
at org.testng.internal.invokers.MethodRunner.runInSequence(MethodRunner.java:63)
at org.testng.internal.invokers.TestInvoker$MethodInvocationAgent.invoke(TestInvoker.java:992)
at org.testng.internal.invokers.TestInvoker.invokeTestMethods(TestInvoker.java:203)
at org.testng.internal.invokers.TestMethodWorker.invokeTestMethods(TestMethodWorker.java:154)
at org.testng.internal.invokers.TestMethodWorker.run(TestMethodWorker.java:134)
at java.base/java.util.ArrayList.forEach(ArrayList.java:1511)
at org.testng.TestRunner.privateRun(TestRunner.java:739)
at org.testng.TestRunner.run(TestRunner.java:614)
at org.testng.SuiteRunner.runTest(SuiteRunner.java:421)
at org.testng.SuiteRunner.runSequentially(SuiteRunner.java:413)
at org.testng.SuiteRunner.privateRun(SuiteRunner.java:373)
at org.testng.SuiteRunner.run(SuiteRunner.java:312)
at org.testng.SuiteRunnerWorker.runSuite(SuiteRunnerWorker.java:52)
at org.testng.SuiteRunnerWorker.run(SuiteRunnerWorker.java:95)
at org.testng.TestNG.runSuitesSequentially(TestNG.java:1274)
at org.testng.TestNG.runSuitesLocally(TestNG.java:1208)
at org.testng.TestNG.runSuites(TestNG.java:1112)
at org.testng.TestNG.run(TestNG.java:1079)
at org.testng.remote.AbstractRemoteTestNG.run(AbstractRemoteTestNG.java:115)
at org.testng.remote.RemoteTestNG.initAndRun(RemoteTestNG.java:293)
at org.testng.remote.RemoteTestNG.main(RemoteTestNG.java:91)
]]>
    </error>
  </testcase> <!-- VerifyUserableToaddproductToShoopingcartOnHomepage -->
  <testcase classname="org.loginModule.HomePagestTestClass" name="verifyBrokenImagesLink" time="28.696"/>
  <testcase classname="org.loginModule.HomePagestTestClass" name="VerifyAddtocardbtnTextAndBoarderColor" time="9.580">
    <system-out>
      <![CDATA[ AddToCartButton text color  match the expected value]]>
    </system-out>
  </testcase> <!-- VerifyAddtocardbtnTextAndBoarderColor -->
  <testcase classname="org.loginModule.HomePagestTestClass" name="verifyBagroundColorForAddToCardBtn" time="8.643">
    <system-out>
      <![CDATA[AddToCartButton Baground color  match the expected value ]]>
    </system-out>
  </testcase> <!-- verifyBagroundColorForAddToCardBtn -->
  <testcase classname="org.loginModule.HomePagestTestClass" name="verifyOpenMenuGetallFilterOption" time="9.332">
    <system-out>
      <![CDATA[Display all filterOption successfully]]>
    </system-out>
  </testcase> <!-- verifyOpenMenuGetallFilterOption -->
  <testcase classname="org.loginModule.HomePagestTestClass" name="verifyHomePageLogo" time="10.418">
    <system-out>
      <![CDATA[HomePage logo is present]]>
    </system-out>
  </testcase> <!-- verifyHomePageLogo -->
  <system-out>
    <![CDATA[The login button color is match the expected value
Login successful for user: 
Logo is present LoginPage
LoginPage image is diaplay LoginPage 
Image src attribute is  not empty for an image element!
Images are  displayed 
Image count match the expected value in Homepahe
Image src attribute is  not empty for an image element!
Images are  displayed 
Image count match the expected value in Homepahe
Image src attribute is  not empty for an image element!
Images are  displayed 
Image count match the expected value in Homepahe
Image src attribute is  not empty for an image element!
Images are  displayed 
Image count match the expected value in Homepahe
Image src attribute is  not empty for an image element!
Images are  displayed 
Image count match the expected value in Homepahe
Image src attribute is  not empty for an image element!
Images are  displayed 
Image count match the expected value in Homepahe
Image src attribute is  not empty for an image element!
Images are  displayed 
Image count match the expected value in Homepahe
User successfully redirects to the Product Detail page
User successfully redirects to the ShoppingCartPage
Shopping cart icon present on homePage
 AddToCartButton text color  match the expected value
AddToCartButton Baground color  match the expected value 
Display all filterOption successfully
HomePage logo is present
User  return to the home page successfully ProductDetailPage
Logo is present ProductDetail Page
Product name  match the expected value ProductDetailPage
The image is not enabled.
User is redirected to the shopping cart page 
Product description is match the expected value ProductDetailPage
Image is displayed on the productDetail Page
Product price  match the expected value]]>
  </system-out>
</testsuite> <!-- org.loginModule.HomePagestTestClass -->
